+ ld obj/kern/kernel
i386-elf-ld: warning: section `.bss' type changed to PROGBITS
+ mk obj/kern/kernel.img

(process:5624): GLib-WARNING **: 00:00:47.355: ../glib/gmem.c:490: custom memory allocation vtable not supported

(process:5628): GLib-WARNING **: 00:00:47.376: ../glib/gmem.c:490: custom memory allocation vtable not supported
6828 decimal is XXX octal!
Physical memory: 131072K available, base = 640K, extended = 130432K
check_page_free_list() succeeded!
check_page_alloc() succeeded!
check_page() succeeded!
check_kern_pgdir() succeeded!
check_page_free_list() succeeded!
check_page_installed_pgdir() succeeded!
[00000000] new env 00001000
Incoming TRAP frame at 0xefffffbc
TRAP frame at 0xf01f4000
  edi  0x00000000
  esi  0x00000000
  ebp  0xeebfdf70
  oesp 0xefffffdc
  ebx  0x00000000
  edx  0x00000000
  ecx  0x00000000
  eax  0x00000002
  es   0x----0023
  ds   0x----0023
  trap 0x00000030 System call
  err  0x00000000
  eip  0x00800153
  cs   0x----001b
  flag 0x00000096
  esp  0xeebfdf64
  ss   0x----0023
Incoming TRAP frame at 0xefffffbc
TRAP frame at 0xf01f4000
  edi  0x00000000
  esi  0x00000000
  ebp  0xeebfdf40
  oesp 0xefffffdc
  ebx  0x00000000
  edx  0xf010000c
  ecx  0x00000064
  eax  0x00000000
  es   0x----0023
  ds   0x----0023
  trap 0x00000030 System call
  err  0x00000000
  eip  0x008000d4
  cs   0x----001b
  flag 0x00000086
  esp  0xeebfdf34
  ss   0x----0023
[00001000] user_mem_check assertion failure for va f010000c
[00001000] free env 00001000
Destroyed the only environment - nothing more to do!
Welcome to the JOS kernel monitor!
Type 'help' for a list of commands.
qemu: terminating on signal 15 from pid 5530
